0 info it worked if it ends with ok
1 verbose cli [ '/usr/local/Cellar/node/0.10.25/bin/node',
1 verbose cli   '/usr/local/bin/npm',
1 verbose cli   'run',
1 verbose cli   'test' ]
2 info using npm@1.3.24
3 info using node@v0.10.25
4 verbose run-script [ 'pretest', 'test', 'posttest' ]
5 info pretest LiveStream@0.0.1
6 info test LiveStream@0.0.1
7 verbose unsafe-perm in lifecycle true
8 info LiveStream@0.0.1 Failed to exec test script
9 error LiveStream@0.0.1 test: `node spec/spec.js`
9 error Exit status 8
10 error Failed at the LiveStream@0.0.1 test script.
10 error This is most likely a problem with the LiveStream package,
10 error not with npm itself.
10 error Tell the author that this fails on your system:
10 error     node spec/spec.js
10 error You can get their info via:
10 error     npm owner ls LiveStream
10 error There is likely additional logging output above.
11 error System Darwin 13.2.0
12 error command "/usr/local/Cellar/node/0.10.25/bin/node" "/usr/local/bin/npm" "run" "test"
13 error cwd /Users/Abe/Desktop/node_api
14 error node -v v0.10.25
15 error npm -v 1.3.24
16 error code ELIFECYCLE
17 verbose exit [ 1, true ]
